<?xml version="1.0" encoding="UTF-8"?>
<!-- Generated by org.testng.reporters.JUnitXMLReporter -->
<testsuite hostname="SPT-CPU-0300" ignored="6" name="Default test" tests="1" failures="0" timestamp="09 Sep 2019 12:34:19 GMT" time="46.746" errors="0">
  <testcase name="updateAdminUserTest" time="38.537" classname="com.atgadmin.qa.testcases.LoginPageTest"/>
  <testcase name="CreateNewAffiliatesTest" time="0.0" classname="com.atgadmin.qa.testcases.LoginPageTest">
    <ignored/>
  </testcase> <!-- CreateNewAffiliatesTest -->
  <testcase name="addNewCustomerServiceUserTest" time="0.0" classname="com.atgadmin.qa.testcases.LoginPageTest">
    <ignored/>
  </testcase> <!-- addNewCustomerServiceUserTest -->
  <testcase name="manageProfileTest" time="0.0" classname="com.atgadmin.qa.testcases.LoginPageTest">
    <ignored/>
  </testcase> <!-- manageProfileTest -->
  <testcase name="loginPageTitleTest" time="0.0" classname="com.atgadmin.qa.testcases.LoginPageTest">
    <ignored/>
  </testcase> <!-- loginPageTitleTest -->
  <testcase name="loginTest" time="0.0" classname="com.atgadmin.qa.testcases.LoginPageTest">
    <ignored/>
  </testcase> <!-- loginTest -->
  <testcase name="addNewAdminUserTest" time="0.0" classname="com.atgadmin.qa.testcases.LoginPageTest">
    <ignored/>
  </testcase> <!-- addNewAdminUserTest -->
</testsuite> <!-- Default test -->
