<?xml version="1.0" encoding="UTF-8"?>
<testng-results skipped="0" failed="0" ignored="6" total="7" passed="1">
  <reporter-output>
  </reporter-output>
  <suite name="Default suite" duration-ms="46746" started-at="2019-09-09T12:33:32Z" finished-at="2019-09-09T12:34:19Z">
    <groups>
    </groups>
    <test name="Default test" duration-ms="46746" started-at="2019-09-09T12:33:32Z" finished-at="2019-09-09T12:34:19Z">
      <class name="com.atgadmin.qa.testcases.LoginPageTest">
        <test-method status="PASS" signature="setUp()[pri:0, instance:com.atgadmin.qa.testcases.LoginPageTest@7dc7cbad]" name="setUp" is-config="true" duration-ms="8197" started-at="2019-09-09T18:03:32Z" finished-at="2019-09-09T18:03:40Z">
          <reporter-output>
          </reporter-output>
        </test-method> <!-- setUp -->
        <test-method status="PASS" signature="updateAdminUserTest()[pri:0, instance:com.atgadmin.qa.testcases.LoginPageTest@7dc7cbad]" name="updateAdminUserTest" duration-ms="38537" started-at="2019-09-09T18:03:40Z" finished-at="2019-09-09T18:04:19Z">
          <reporter-output>
          </reporter-output>
        </test-method> <!-- updateAdminUserTest -->
      </class> <!-- com.atgadmin.qa.testcases.LoginPageTest -->
    </test> <!-- Default test -->
  </suite> <!-- Default suite -->
</testng-results>
